CRITICAL - 2021-08-26 20:10:00 --> Undefined variable $tabel_barang
#0 C:\xampp\htdocs\warungin\app\Views\Warungin\index.php(64): CodeIgniter\Debug\Exceptions->errorHandler(2, 'Undefined varia...', 'C:\\xampp\\htdocs...', 64)
#1 C:\xampp\htdocs\warungin\vendor\codeigniter4\framework\system\View\View.php(230): include('C:\\xampp\\htdocs...')
#2 C:\xampp\htdocs\warungin\vendor\codeigniter4\framework\system\View\View.php(232): CodeIgniter\View\View->CodeIgniter\View\{closure}()
#3 C:\xampp\htdocs\warungin\vendor\codeigniter4\framework\system\Common.php(1271): CodeIgniter\View\View->render('Warungin/index', Array, true)
#4 C:\xampp\htdocs\warungin\app\Controllers\Warungin.php(9): view('Warungin/index')
#5 C:\xampp\htdocs\warungin\vendor\codeigniter4\framework\system\CodeIgniter.php(928): App\Controllers\Warungin->index()
#6 C:\xampp\htdocs\warungin\vendor\codeigniter4\framework\system\CodeIgniter.php(436): CodeIgniter\CodeIgniter->runController(Object(App\Controllers\Warungin))
#7 C:\xampp\htdocs\warungin\vendor\codeigniter4\framework\system\CodeIgniter.php(336): CodeIgniter\CodeIgniter->handleRequest(NULL, Object(Config\Cache), false)
#8 C:\xampp\htdocs\warungin\public\index.php(37): CodeIgniter\CodeIgniter->run()
#9 C:\xampp\htdocs\warungin\vendor\codeigniter4\framework\system\Commands\Server\rewrite.php(45): require_once('C:\\xampp\\htdocs...')
#10 {main}
CRITICAL - 2021-08-26 20:13:29 --> Undefined variable $tabel_barang
#0 C:\xampp\htdocs\warungin\app\Views\Warungin\index.php(64): CodeIgniter\Debug\Exceptions->errorHandler(2, 'Undefined varia...', 'C:\\xampp\\htdocs...', 64)
#1 C:\xampp\htdocs\warungin\vendor\codeigniter4\framework\system\View\View.php(230): include('C:\\xampp\\htdocs...')
#2 C:\xampp\htdocs\warungin\vendor\codeigniter4\framework\system\View\View.php(232): CodeIgniter\View\View->CodeIgniter\View\{closure}()
#3 C:\xampp\htdocs\warungin\vendor\codeigniter4\framework\system\Common.php(1271): CodeIgniter\View\View->render('Warungin/index', Array, true)
#4 C:\xampp\htdocs\warungin\app\Controllers\Warungin.php(17): view('Warungin/index')
#5 C:\xampp\htdocs\warungin\vendor\codeigniter4\framework\system\CodeIgniter.php(928): App\Controllers\Warungin->index()
#6 C:\xampp\htdocs\warungin\vendor\codeigniter4\framework\system\CodeIgniter.php(436): CodeIgniter\CodeIgniter->runController(Object(App\Controllers\Warungin))
#7 C:\xampp\htdocs\warungin\vendor\codeigniter4\framework\system\CodeIgniter.php(336): CodeIgniter\CodeIgniter->handleRequest(NULL, Object(Config\Cache), false)
#8 C:\xampp\htdocs\warungin\public\index.php(37): CodeIgniter\CodeIgniter->run()
#9 C:\xampp\htdocs\warungin\vendor\codeigniter4\framework\system\Commands\Server\rewrite.php(45): require_once('C:\\xampp\\htdocs...')
#10 {main}
CRITICAL - 2021-08-26 20:13:31 --> Undefined variable $tabel_barang
#0 C:\xampp\htdocs\warungin\app\Views\Warungin\index.php(64): CodeIgniter\Debug\Exceptions->errorHandler(2, 'Undefined varia...', 'C:\\xampp\\htdocs...', 64)
#1 C:\xampp\htdocs\warungin\vendor\codeigniter4\framework\system\View\View.php(230): include('C:\\xampp\\htdocs...')
#2 C:\xampp\htdocs\warungin\vendor\codeigniter4\framework\system\View\View.php(232): CodeIgniter\View\View->CodeIgniter\View\{closure}()
#3 C:\xampp\htdocs\warungin\vendor\codeigniter4\framework\system\Common.php(1271): CodeIgniter\View\View->render('Warungin/index', Array, true)
#4 C:\xampp\htdocs\warungin\app\Controllers\Warungin.php(17): view('Warungin/index')
#5 C:\xampp\htdocs\warungin\vendor\codeigniter4\framework\system\CodeIgniter.php(928): App\Controllers\Warungin->index()
#6 C:\xampp\htdocs\warungin\vendor\codeigniter4\framework\system\CodeIgniter.php(436): CodeIgniter\CodeIgniter->runController(Object(App\Controllers\Warungin))
#7 C:\xampp\htdocs\warungin\vendor\codeigniter4\framework\system\CodeIgniter.php(336): CodeIgniter\CodeIgniter->handleRequest(NULL, Object(Config\Cache), false)
#8 C:\xampp\htdocs\warungin\public\index.php(37): CodeIgniter\CodeIgniter->run()
#9 C:\xampp\htdocs\warungin\vendor\codeigniter4\framework\system\Commands\Server\rewrite.php(45): require_once('C:\\xampp\\htdocs...')
#10 {main}
CRITICAL - 2021-08-26 20:18:26 --> Undefined variable $tabel_barang
#0 C:\xampp\htdocs\warungin\app\Views\Warungin\index.php(64): CodeIgniter\Debug\Exceptions->errorHandler(2, 'Undefined varia...', 'C:\\xampp\\htdocs...', 64)
#1 C:\xampp\htdocs\warungin\vendor\codeigniter4\framework\system\View\View.php(230): include('C:\\xampp\\htdocs...')
#2 C:\xampp\htdocs\warungin\vendor\codeigniter4\framework\system\View\View.php(232): CodeIgniter\View\View->CodeIgniter\View\{closure}()
#3 C:\xampp\htdocs\warungin\vendor\codeigniter4\framework\system\Common.php(1271): CodeIgniter\View\View->render('Warungin/index', Array, true)
#4 C:\xampp\htdocs\warungin\app\Controllers\Warungin.php(17): view('Warungin/index')
#5 C:\xampp\htdocs\warungin\vendor\codeigniter4\framework\system\CodeIgniter.php(928): App\Controllers\Warungin->index()
#6 C:\xampp\htdocs\warungin\vendor\codeigniter4\framework\system\CodeIgniter.php(436): CodeIgniter\CodeIgniter->runController(Object(App\Controllers\Warungin))
#7 C:\xampp\htdocs\warungin\vendor\codeigniter4\framework\system\CodeIgniter.php(336): CodeIgniter\CodeIgniter->handleRequest(NULL, Object(Config\Cache), false)
#8 C:\xampp\htdocs\warungin\public\index.php(37): CodeIgniter\CodeIgniter->run()
#9 C:\xampp\htdocs\warungin\vendor\codeigniter4\framework\system\Commands\Server\rewrite.php(45): require_once('C:\\xampp\\htdocs...')
#10 {main}
CRITICAL - 2021-08-26 20:18:45 --> Undefined variable $tabel_barang
#0 C:\xampp\htdocs\warungin\app\Views\Warungin\index.php(64): CodeIgniter\Debug\Exceptions->errorHandler(2, 'Undefined varia...', 'C:\\xampp\\htdocs...', 64)
#1 C:\xampp\htdocs\warungin\vendor\codeigniter4\framework\system\View\View.php(230): include('C:\\xampp\\htdocs...')
#2 C:\xampp\htdocs\warungin\vendor\codeigniter4\framework\system\View\View.php(232): CodeIgniter\View\View->CodeIgniter\View\{closure}()
#3 C:\xampp\htdocs\warungin\vendor\codeigniter4\framework\system\Common.php(1271): CodeIgniter\View\View->render('Warungin/index', Array, true)
#4 C:\xampp\htdocs\warungin\app\Controllers\Warungin.php(17): view('Warungin/index')
#5 C:\xampp\htdocs\warungin\vendor\codeigniter4\framework\system\CodeIgniter.php(928): App\Controllers\Warungin->index()
#6 C:\xampp\htdocs\warungin\vendor\codeigniter4\framework\system\CodeIgniter.php(436): CodeIgniter\CodeIgniter->runController(Object(App\Controllers\Warungin))
#7 C:\xampp\htdocs\warungin\vendor\codeigniter4\framework\system\CodeIgniter.php(336): CodeIgniter\CodeIgniter->handleRequest(NULL, Object(Config\Cache), false)
#8 C:\xampp\htdocs\warungin\public\index.php(37): CodeIgniter\CodeIgniter->run()
#9 C:\xampp\htdocs\warungin\vendor\codeigniter4\framework\system\Commands\Server\rewrite.php(45): require_once('C:\\xampp\\htdocs...')
#10 {main}
CRITICAL - 2021-08-26 20:23:02 --> Undefined variable $tabel_barang
#0 C:\xampp\htdocs\warungin\app\Views\Warungin\index.php(64): CodeIgniter\Debug\Exceptions->errorHandler(2, 'Undefined varia...', 'C:\\xampp\\htdocs...', 64)
#1 C:\xampp\htdocs\warungin\vendor\codeigniter4\framework\system\View\View.php(230): include('C:\\xampp\\htdocs...')
#2 C:\xampp\htdocs\warungin\vendor\codeigniter4\framework\system\View\View.php(232): CodeIgniter\View\View->CodeIgniter\View\{closure}()
#3 C:\xampp\htdocs\warungin\vendor\codeigniter4\framework\system\Common.php(1271): CodeIgniter\View\View->render('Warungin/index', Array, true)
#4 C:\xampp\htdocs\warungin\app\Controllers\Warungin.php(21): view('Warungin/index', Array)
#5 C:\xampp\htdocs\warungin\vendor\codeigniter4\framework\system\CodeIgniter.php(928): App\Controllers\Warungin->index()
#6 C:\xampp\htdocs\warungin\vendor\codeigniter4\framework\system\CodeIgniter.php(436): CodeIgniter\CodeIgniter->runController(Object(App\Controllers\Warungin))
#7 C:\xampp\htdocs\warungin\vendor\codeigniter4\framework\system\CodeIgniter.php(336): CodeIgniter\CodeIgniter->handleRequest(NULL, Object(Config\Cache), false)
#8 C:\xampp\htdocs\warungin\public\index.php(37): CodeIgniter\CodeIgniter->run()
#9 C:\xampp\htdocs\warungin\vendor\codeigniter4\framework\system\Commands\Server\rewrite.php(45): require_once('C:\\xampp\\htdocs...')
#10 {main}
CRITICAL - 2021-08-26 20:23:04 --> Undefined variable $tabel_barang
#0 C:\xampp\htdocs\warungin\app\Views\Warungin\index.php(64): CodeIgniter\Debug\Exceptions->errorHandler(2, 'Undefined varia...', 'C:\\xampp\\htdocs...', 64)
#1 C:\xampp\htdocs\warungin\vendor\codeigniter4\framework\system\View\View.php(230): include('C:\\xampp\\htdocs...')
#2 C:\xampp\htdocs\warungin\vendor\codeigniter4\framework\system\View\View.php(232): CodeIgniter\View\View->CodeIgniter\View\{closure}()
#3 C:\xampp\htdocs\warungin\vendor\codeigniter4\framework\system\Common.php(1271): CodeIgniter\View\View->render('Warungin/index', Array, true)
#4 C:\xampp\htdocs\warungin\app\Controllers\Warungin.php(21): view('Warungin/index', Array)
#5 C:\xampp\htdocs\warungin\vendor\codeigniter4\framework\system\CodeIgniter.php(928): App\Controllers\Warungin->index()
#6 C:\xampp\htdocs\warungin\vendor\codeigniter4\framework\system\CodeIgniter.php(436): CodeIgniter\CodeIgniter->runController(Object(App\Controllers\Warungin))
#7 C:\xampp\htdocs\warungin\vendor\codeigniter4\framework\system\CodeIgniter.php(336): CodeIgniter\CodeIgniter->handleRequest(NULL, Object(Config\Cache), false)
#8 C:\xampp\htdocs\warungin\public\index.php(37): CodeIgniter\CodeIgniter->run()
#9 C:\xampp\htdocs\warungin\vendor\codeigniter4\framework\system\Commands\Server\rewrite.php(45): require_once('C:\\xampp\\htdocs...')
#10 {main}
CRITICAL - 2021-08-26 20:23:08 --> Undefined variable $tabel_barang
#0 C:\xampp\htdocs\warungin\app\Views\Warungin\index.php(64): CodeIgniter\Debug\Exceptions->errorHandler(2, 'Undefined varia...', 'C:\\xampp\\htdocs...', 64)
#1 C:\xampp\htdocs\warungin\vendor\codeigniter4\framework\system\View\View.php(230): include('C:\\xampp\\htdocs...')
#2 C:\xampp\htdocs\warungin\vendor\codeigniter4\framework\system\View\View.php(232): CodeIgniter\View\View->CodeIgniter\View\{closure}()
#3 C:\xampp\htdocs\warungin\vendor\codeigniter4\framework\system\Common.php(1271): CodeIgniter\View\View->render('Warungin/index', Array, true)
#4 C:\xampp\htdocs\warungin\app\Controllers\Warungin.php(21): view('Warungin/index', Array)
#5 C:\xampp\htdocs\warungin\vendor\codeigniter4\framework\system\CodeIgniter.php(928): App\Controllers\Warungin->index()
#6 C:\xampp\htdocs\warungin\vendor\codeigniter4\framework\system\CodeIgniter.php(436): CodeIgniter\CodeIgniter->runController(Object(App\Controllers\Warungin))
#7 C:\xampp\htdocs\warungin\vendor\codeigniter4\framework\system\CodeIgniter.php(336): CodeIgniter\CodeIgniter->handleRequest(NULL, Object(Config\Cache), false)
#8 C:\xampp\htdocs\warungin\public\index.php(37): CodeIgniter\CodeIgniter->run()
#9 C:\xampp\htdocs\warungin\vendor\codeigniter4\framework\system\Commands\Server\rewrite.php(45): require_once('C:\\xampp\\htdocs...')
#10 {main}
CRITICAL - 2021-08-26 20:26:48 --> Undefined variable $tabel_barang
#0 C:\xampp\htdocs\warungin\app\Views\Warungin\index.php(64): CodeIgniter\Debug\Exceptions->errorHandler(2, 'Undefined varia...', 'C:\\xampp\\htdocs...', 64)
#1 C:\xampp\htdocs\warungin\vendor\codeigniter4\framework\system\View\View.php(230): include('C:\\xampp\\htdocs...')
#2 C:\xampp\htdocs\warungin\vendor\codeigniter4\framework\system\View\View.php(232): CodeIgniter\View\View->CodeIgniter\View\{closure}()
#3 C:\xampp\htdocs\warungin\vendor\codeigniter4\framework\system\Common.php(1271): CodeIgniter\View\View->render('Warungin/index', Array, true)
#4 C:\xampp\htdocs\warungin\app\Controllers\Warungin.php(21): view('Warungin/index', Array)
#5 C:\xampp\htdocs\warungin\vendor\codeigniter4\framework\system\CodeIgniter.php(928): App\Controllers\Warungin->index()
#6 C:\xampp\htdocs\warungin\vendor\codeigniter4\framework\system\CodeIgniter.php(436): CodeIgniter\CodeIgniter->runController(Object(App\Controllers\Warungin))
#7 C:\xampp\htdocs\warungin\vendor\codeigniter4\framework\system\CodeIgniter.php(336): CodeIgniter\CodeIgniter->handleRequest(NULL, Object(Config\Cache), false)
#8 C:\xampp\htdocs\warungin\public\index.php(37): CodeIgniter\CodeIgniter->run()
#9 C:\xampp\htdocs\warungin\vendor\codeigniter4\framework\system\Commands\Server\rewrite.php(45): require_once('C:\\xampp\\htdocs...')
#10 {main}
CRITICAL - 2021-08-26 20:30:58 --> Undefined variable $tabel_barang
#0 C:\xampp\htdocs\warungin\app\Views\Warungin\index.php(64): CodeIgniter\Debug\Exceptions->errorHandler(2, 'Undefined varia...', 'C:\\xampp\\htdocs...', 64)
#1 C:\xampp\htdocs\warungin\vendor\codeigniter4\framework\system\View\View.php(230): include('C:\\xampp\\htdocs...')
#2 C:\xampp\htdocs\warungin\vendor\codeigniter4\framework\system\View\View.php(232): CodeIgniter\View\View->CodeIgniter\View\{closure}()
#3 C:\xampp\htdocs\warungin\vendor\codeigniter4\framework\system\Common.php(1271): CodeIgniter\View\View->render('Warungin/index', Array, true)
#4 C:\xampp\htdocs\warungin\app\Controllers\Warungin.php(23): view('Warungin/index', Array)
#5 C:\xampp\htdocs\warungin\vendor\codeigniter4\framework\system\CodeIgniter.php(928): App\Controllers\Warungin->index()
#6 C:\xampp\htdocs\warungin\vendor\codeigniter4\framework\system\CodeIgniter.php(436): CodeIgniter\CodeIgniter->runController(Object(App\Controllers\Warungin))
#7 C:\xampp\htdocs\warungin\vendor\codeigniter4\framework\system\CodeIgniter.php(336): CodeIgniter\CodeIgniter->handleRequest(NULL, Object(Config\Cache), false)
#8 C:\xampp\htdocs\warungin\public\index.php(37): CodeIgniter\CodeIgniter->run()
#9 C:\xampp\htdocs\warungin\vendor\codeigniter4\framework\system\Commands\Server\rewrite.php(45): require_once('C:\\xampp\\htdocs...')
#10 {main}
CRITICAL - 2021-08-26 20:31:00 --> Undefined variable $tabel_barang
#0 C:\xampp\htdocs\warungin\app\Views\Warungin\index.php(64): CodeIgniter\Debug\Exceptions->errorHandler(2, 'Undefined varia...', 'C:\\xampp\\htdocs...', 64)
#1 C:\xampp\htdocs\warungin\vendor\codeigniter4\framework\system\View\View.php(230): include('C:\\xampp\\htdocs...')
#2 C:\xampp\htdocs\warungin\vendor\codeigniter4\framework\system\View\View.php(232): CodeIgniter\View\View->CodeIgniter\View\{closure}()
#3 C:\xampp\htdocs\warungin\vendor\codeigniter4\framework\system\Common.php(1271): CodeIgniter\View\View->render('Warungin/index', Array, true)
#4 C:\xampp\htdocs\warungin\app\Controllers\Warungin.php(23): view('Warungin/index', Array)
#5 C:\xampp\htdocs\warungin\vendor\codeigniter4\framework\system\CodeIgniter.php(928): App\Controllers\Warungin->index()
#6 C:\xampp\htdocs\warungin\vendor\codeigniter4\framework\system\CodeIgniter.php(436): CodeIgniter\CodeIgniter->runController(Object(App\Controllers\Warungin))
#7 C:\xampp\htdocs\warungin\vendor\codeigniter4\framework\system\CodeIgniter.php(336): CodeIgniter\CodeIgniter->handleRequest(NULL, Object(Config\Cache), false)
#8 C:\xampp\htdocs\warungin\public\index.php(37): CodeIgniter\CodeIgniter->run()
#9 C:\xampp\htdocs\warungin\vendor\codeigniter4\framework\system\Commands\Server\rewrite.php(45): require_once('C:\\xampp\\htdocs...')
#10 {main}
CRITICAL - 2021-08-26 20:31:27 --> Undefined variable $tabel_barang
#0 C:\xampp\htdocs\warungin\app\Views\Warungin\index.php(64): CodeIgniter\Debug\Exceptions->errorHandler(2, 'Undefined varia...', 'C:\\xampp\\htdocs...', 64)
#1 C:\xampp\htdocs\warungin\vendor\codeigniter4\framework\system\View\View.php(230): include('C:\\xampp\\htdocs...')
#2 C:\xampp\htdocs\warungin\vendor\codeigniter4\framework\system\View\View.php(232): CodeIgniter\View\View->CodeIgniter\View\{closure}()
#3 C:\xampp\htdocs\warungin\vendor\codeigniter4\framework\system\Common.php(1271): CodeIgniter\View\View->render('Warungin/index', Array, true)
#4 C:\xampp\htdocs\warungin\app\Controllers\Warungin.php(23): view('Warungin/index', Array)
#5 C:\xampp\htdocs\warungin\vendor\codeigniter4\framework\system\CodeIgniter.php(928): App\Controllers\Warungin->index()
#6 C:\xampp\htdocs\warungin\vendor\codeigniter4\framework\system\CodeIgniter.php(436): CodeIgniter\CodeIgniter->runController(Object(App\Controllers\Warungin))
#7 C:\xampp\htdocs\warungin\vendor\codeigniter4\framework\system\CodeIgniter.php(336): CodeIgniter\CodeIgniter->handleRequest(NULL, Object(Config\Cache), false)
#8 C:\xampp\htdocs\warungin\public\index.php(37): CodeIgniter\CodeIgniter->run()
#9 C:\xampp\htdocs\warungin\vendor\codeigniter4\framework\system\Commands\Server\rewrite.php(45): require_once('C:\\xampp\\htdocs...')
#10 {main}
CRITICAL - 2021-08-26 20:31:29 --> Undefined variable $tabel_barang
#0 C:\xampp\htdocs\warungin\app\Views\Warungin\index.php(64): CodeIgniter\Debug\Exceptions->errorHandler(2, 'Undefined varia...', 'C:\\xampp\\htdocs...', 64)
#1 C:\xampp\htdocs\warungin\vendor\codeigniter4\framework\system\View\View.php(230): include('C:\\xampp\\htdocs...')
#2 C:\xampp\htdocs\warungin\vendor\codeigniter4\framework\system\View\View.php(232): CodeIgniter\View\View->CodeIgniter\View\{closure}()
#3 C:\xampp\htdocs\warungin\vendor\codeigniter4\framework\system\Common.php(1271): CodeIgniter\View\View->render('Warungin/index', Array, true)
#4 C:\xampp\htdocs\warungin\app\Controllers\Warungin.php(23): view('Warungin/index', Array)
#5 C:\xampp\htdocs\warungin\vendor\codeigniter4\framework\system\CodeIgniter.php(928): App\Controllers\Warungin->index()
#6 C:\xampp\htdocs\warungin\vendor\codeigniter4\framework\system\CodeIgniter.php(436): CodeIgniter\CodeIgniter->runController(Object(App\Controllers\Warungin))
#7 C:\xampp\htdocs\warungin\vendor\codeigniter4\framework\system\CodeIgniter.php(336): CodeIgniter\CodeIgniter->handleRequest(NULL, Object(Config\Cache), false)
#8 C:\xampp\htdocs\warungin\public\index.php(37): CodeIgniter\CodeIgniter->run()
#9 C:\xampp\htdocs\warungin\vendor\codeigniter4\framework\system\Commands\Server\rewrite.php(45): require_once('C:\\xampp\\htdocs...')
#10 {main}
CRITICAL - 2021-08-26 20:34:11 --> Undefined variable $tabel_barang
#0 C:\xampp\htdocs\warungin\app\Views\Warungin\index.php(64): CodeIgniter\Debug\Exceptions->errorHandler(2, 'Undefined varia...', 'C:\\xampp\\htdocs...', 64)
#1 C:\xampp\htdocs\warungin\vendor\codeigniter4\framework\system\View\View.php(230): include('C:\\xampp\\htdocs...')
#2 C:\xampp\htdocs\warungin\vendor\codeigniter4\framework\system\View\View.php(232): CodeIgniter\View\View->CodeIgniter\View\{closure}()
#3 C:\xampp\htdocs\warungin\vendor\codeigniter4\framework\system\Common.php(1271): CodeIgniter\View\View->render('Warungin/index', Array, true)
#4 C:\xampp\htdocs\warungin\app\Controllers\Warungin.php(23): view('Warungin/index', Array)
#5 C:\xampp\htdocs\warungin\vendor\codeigniter4\framework\system\CodeIgniter.php(928): App\Controllers\Warungin->index()
#6 C:\xampp\htdocs\warungin\vendor\codeigniter4\framework\system\CodeIgniter.php(436): CodeIgniter\CodeIgniter->runController(Object(App\Controllers\Warungin))
#7 C:\xampp\htdocs\warungin\vendor\codeigniter4\framework\system\CodeIgniter.php(336): CodeIgniter\CodeIgniter->handleRequest(NULL, Object(Config\Cache), false)
#8 C:\xampp\htdocs\warungin\public\index.php(37): CodeIgniter\CodeIgniter->run()
#9 C:\xampp\htdocs\warungin\vendor\codeigniter4\framework\system\Commands\Server\rewrite.php(45): require_once('C:\\xampp\\htdocs...')
#10 {main}
CRITICAL - 2021-08-26 20:34:12 --> Undefined variable $tabel_barang
#0 C:\xampp\htdocs\warungin\app\Views\Warungin\index.php(64): CodeIgniter\Debug\Exceptions->errorHandler(2, 'Undefined varia...', 'C:\\xampp\\htdocs...', 64)
#1 C:\xampp\htdocs\warungin\vendor\codeigniter4\framework\system\View\View.php(230): include('C:\\xampp\\htdocs...')
#2 C:\xampp\htdocs\warungin\vendor\codeigniter4\framework\system\View\View.php(232): CodeIgniter\View\View->CodeIgniter\View\{closure}()
#3 C:\xampp\htdocs\warungin\vendor\codeigniter4\framework\system\Common.php(1271): CodeIgniter\View\View->render('Warungin/index', Array, true)
#4 C:\xampp\htdocs\warungin\app\Controllers\Warungin.php(23): view('Warungin/index', Array)
#5 C:\xampp\htdocs\warungin\vendor\codeigniter4\framework\system\CodeIgniter.php(928): App\Controllers\Warungin->index()
#6 C:\xampp\htdocs\warungin\vendor\codeigniter4\framework\system\CodeIgniter.php(436): CodeIgniter\CodeIgniter->runController(Object(App\Controllers\Warungin))
#7 C:\xampp\htdocs\warungin\vendor\codeigniter4\framework\system\CodeIgniter.php(336): CodeIgniter\CodeIgniter->handleRequest(NULL, Object(Config\Cache), false)
#8 C:\xampp\htdocs\warungin\public\index.php(37): CodeIgniter\CodeIgniter->run()
#9 C:\xampp\htdocs\warungin\vendor\codeigniter4\framework\system\Commands\Server\rewrite.php(45): require_once('C:\\xampp\\htdocs...')
#10 {main}
CRITICAL - 2021-08-26 20:38:25 --> Undefined property: App\Controllers\Warungin::$barangModel
#0 C:\xampp\htdocs\warungin\app\Controllers\Warungin.php(11): CodeIgniter\Debug\Exceptions->errorHandler(2, 'Undefined prope...', 'C:\\xampp\\htdocs...', 11)
#1 C:\xampp\htdocs\warungin\vendor\codeigniter4\framework\system\CodeIgniter.php(928): App\Controllers\Warungin->index()
#2 C:\xampp\htdocs\warungin\vendor\codeigniter4\framework\system\CodeIgniter.php(436): CodeIgniter\CodeIgniter->runController(Object(App\Controllers\Warungin))
#3 C:\xampp\htdocs\warungin\vendor\codeigniter4\framework\system\CodeIgniter.php(336): CodeIgniter\CodeIgniter->handleRequest(NULL, Object(Config\Cache), false)
#4 C:\xampp\htdocs\warungin\public\index.php(37): CodeIgniter\CodeIgniter->run()
#5 C:\xampp\htdocs\warungin\vendor\codeigniter4\framework\system\Commands\Server\rewrite.php(45): require_once('C:\\xampp\\htdocs...')
#6 {main}
CRITICAL - 2021-08-26 20:38:44 --> Undefined variable $tabel_barang
#0 C:\xampp\htdocs\warungin\app\Views\Warungin\index.php(64): CodeIgniter\Debug\Exceptions->errorHandler(2, 'Undefined varia...', 'C:\\xampp\\htdocs...', 64)
#1 C:\xampp\htdocs\warungin\vendor\codeigniter4\framework\system\View\View.php(230): include('C:\\xampp\\htdocs...')
#2 C:\xampp\htdocs\warungin\vendor\codeigniter4\framework\system\View\View.php(232): CodeIgniter\View\View->CodeIgniter\View\{closure}()
#3 C:\xampp\htdocs\warungin\vendor\codeigniter4\framework\system\Common.php(1271): CodeIgniter\View\View->render('Warungin/index', Array, true)
#4 C:\xampp\htdocs\warungin\app\Controllers\Warungin.php(23): view('Warungin/index', Array)
#5 C:\xampp\htdocs\warungin\vendor\codeigniter4\framework\system\CodeIgniter.php(928): App\Controllers\Warungin->index()
#6 C:\xampp\htdocs\warungin\vendor\codeigniter4\framework\system\CodeIgniter.php(436): CodeIgniter\CodeIgniter->runController(Object(App\Controllers\Warungin))
#7 C:\xampp\htdocs\warungin\vendor\codeigniter4\framework\system\CodeIgniter.php(336): CodeIgniter\CodeIgniter->handleRequest(NULL, Object(Config\Cache), false)
#8 C:\xampp\htdocs\warungin\public\index.php(37): CodeIgniter\CodeIgniter->run()
#9 C:\xampp\htdocs\warungin\vendor\codeigniter4\framework\system\Commands\Server\rewrite.php(45): require_once('C:\\xampp\\htdocs...')
#10 {main}
CRITICAL - 2021-08-26 20:41:03 --> Undefined variable $tabel_barang
#0 C:\xampp\htdocs\warungin\app\Views\Warungin\index.php(64): CodeIgniter\Debug\Exceptions->errorHandler(2, 'Undefined varia...', 'C:\\xampp\\htdocs...', 64)
#1 C:\xampp\htdocs\warungin\vendor\codeigniter4\framework\system\View\View.php(230): include('C:\\xampp\\htdocs...')
#2 C:\xampp\htdocs\warungin\vendor\codeigniter4\framework\system\View\View.php(232): CodeIgniter\View\View->CodeIgniter\View\{closure}()
#3 C:\xampp\htdocs\warungin\vendor\codeigniter4\framework\system\Common.php(1271): CodeIgniter\View\View->render('Warungin/index', Array, true)
#4 C:\xampp\htdocs\warungin\app\Controllers\Warungin.php(23): view('Warungin/index', Array)
#5 C:\xampp\htdocs\warungin\vendor\codeigniter4\framework\system\CodeIgniter.php(928): App\Controllers\Warungin->index()
#6 C:\xampp\htdocs\warungin\vendor\codeigniter4\framework\system\CodeIgniter.php(436): CodeIgniter\CodeIgniter->runController(Object(App\Controllers\Warungin))
#7 C:\xampp\htdocs\warungin\vendor\codeigniter4\framework\system\CodeIgniter.php(336): CodeIgniter\CodeIgniter->handleRequest(NULL, Object(Config\Cache), false)
#8 C:\xampp\htdocs\warungin\public\index.php(37): CodeIgniter\CodeIgniter->run()
#9 C:\xampp\htdocs\warungin\vendor\codeigniter4\framework\system\Commands\Server\rewrite.php(45): require_once('C:\\xampp\\htdocs...')
#10 {main}
CRITICAL - 2021-08-26 20:44:26 --> Undefined variable $tabel_barang
#0 C:\xampp\htdocs\warungin\app\Views\Warungin\index.php(64): CodeIgniter\Debug\Exceptions->errorHandler(2, 'Undefined varia...', 'C:\\xampp\\htdocs...', 64)
#1 C:\xampp\htdocs\warungin\vendor\codeigniter4\framework\system\View\View.php(230): include('C:\\xampp\\htdocs...')
#2 C:\xampp\htdocs\warungin\vendor\codeigniter4\framework\system\View\View.php(232): CodeIgniter\View\View->CodeIgniter\View\{closure}()
#3 C:\xampp\htdocs\warungin\vendor\codeigniter4\framework\system\Common.php(1271): CodeIgniter\View\View->render('Warungin/index', Array, true)
#4 C:\xampp\htdocs\warungin\app\Controllers\Warungin.php(24): view('Warungin/index', Array)
#5 C:\xampp\htdocs\warungin\vendor\codeigniter4\framework\system\CodeIgniter.php(928): App\Controllers\Warungin->index()
#6 C:\xampp\htdocs\warungin\vendor\codeigniter4\framework\system\CodeIgniter.php(436): CodeIgniter\CodeIgniter->runController(Object(App\Controllers\Warungin))
#7 C:\xampp\htdocs\warungin\vendor\codeigniter4\framework\system\CodeIgniter.php(336): CodeIgniter\CodeIgniter->handleRequest(NULL, Object(Config\Cache), false)
#8 C:\xampp\htdocs\warungin\public\index.php(37): CodeIgniter\CodeIgniter->run()
#9 C:\xampp\htdocs\warungin\vendor\codeigniter4\framework\system\Commands\Server\rewrite.php(45): require_once('C:\\xampp\\htdocs...')
#10 {main}
CRITICAL - 2021-08-26 20:44:37 --> Undefined variable $tabel_barang
#0 C:\xampp\htdocs\warungin\app\Views\Warungin\index.php(64): CodeIgniter\Debug\Exceptions->errorHandler(2, 'Undefined varia...', 'C:\\xampp\\htdocs...', 64)
#1 C:\xampp\htdocs\warungin\vendor\codeigniter4\framework\system\View\View.php(230): include('C:\\xampp\\htdocs...')
#2 C:\xampp\htdocs\warungin\vendor\codeigniter4\framework\system\View\View.php(232): CodeIgniter\View\View->CodeIgniter\View\{closure}()
#3 C:\xampp\htdocs\warungin\vendor\codeigniter4\framework\system\Common.php(1271): CodeIgniter\View\View->render('Warungin/index', Array, true)
#4 C:\xampp\htdocs\warungin\app\Controllers\Warungin.php(24): view('Warungin/index', Array)
#5 C:\xampp\htdocs\warungin\vendor\codeigniter4\framework\system\CodeIgniter.php(928): App\Controllers\Warungin->index()
#6 C:\xampp\htdocs\warungin\vendor\codeigniter4\framework\system\CodeIgniter.php(436): CodeIgniter\CodeIgniter->runController(Object(App\Controllers\Warungin))
#7 C:\xampp\htdocs\warungin\vendor\codeigniter4\framework\system\CodeIgniter.php(336): CodeIgniter\CodeIgniter->handleRequest(NULL, Object(Config\Cache), false)
#8 C:\xampp\htdocs\warungin\public\index.php(37): CodeIgniter\CodeIgniter->run()
#9 C:\xampp\htdocs\warungin\vendor\codeigniter4\framework\system\Commands\Server\rewrite.php(45): require_once('C:\\xampp\\htdocs...')
#10 {main}
CRITICAL - 2021-08-26 20:48:52 --> Undefined variable $tabel_barang
#0 C:\xampp\htdocs\warungin\app\Views\Warungin\index.php(65): CodeIgniter\Debug\Exceptions->errorHandler(2, 'Undefined varia...', 'C:\\xampp\\htdocs...', 65)
#1 C:\xampp\htdocs\warungin\vendor\codeigniter4\framework\system\View\View.php(230): include('C:\\xampp\\htdocs...')
#2 C:\xampp\htdocs\warungin\vendor\codeigniter4\framework\system\View\View.php(232): CodeIgniter\View\View->CodeIgniter\View\{closure}()
#3 C:\xampp\htdocs\warungin\vendor\codeigniter4\framework\system\Common.php(1271): CodeIgniter\View\View->render('Warungin/index', Array, true)
#4 C:\xampp\htdocs\warungin\app\Controllers\Warungin.php(24): view('Warungin/index', Array)
#5 C:\xampp\htdocs\warungin\vendor\codeigniter4\framework\system\CodeIgniter.php(928): App\Controllers\Warungin->index()
#6 C:\xampp\htdocs\warungin\vendor\codeigniter4\framework\system\CodeIgniter.php(436): CodeIgniter\CodeIgniter->runController(Object(App\Controllers\Warungin))
#7 C:\xampp\htdocs\warungin\vendor\codeigniter4\framework\system\CodeIgniter.php(336): CodeIgniter\CodeIgniter->handleRequest(NULL, Object(Config\Cache), false)
#8 C:\xampp\htdocs\warungin\public\index.php(37): CodeIgniter\CodeIgniter->run()
#9 C:\xampp\htdocs\warungin\vendor\codeigniter4\framework\system\Commands\Server\rewrite.php(45): require_once('C:\\xampp\\htdocs...')
#10 {main}
CRITICAL - 2021-08-26 20:50:23 --> Undefined variable $tabel_barang
#0 C:\xampp\htdocs\warungin\app\Views\Warungin\index.php(64): CodeIgniter\Debug\Exceptions->errorHandler(2, 'Undefined varia...', 'C:\\xampp\\htdocs...', 64)
#1 C:\xampp\htdocs\warungin\vendor\codeigniter4\framework\system\View\View.php(230): include('C:\\xampp\\htdocs...')
#2 C:\xampp\htdocs\warungin\vendor\codeigniter4\framework\system\View\View.php(232): CodeIgniter\View\View->CodeIgniter\View\{closure}()
#3 C:\xampp\htdocs\warungin\vendor\codeigniter4\framework\system\Common.php(1271): CodeIgniter\View\View->render('Warungin/index', Array, true)
#4 C:\xampp\htdocs\warungin\app\Controllers\Warungin.php(24): view('Warungin/index', Array)
#5 C:\xampp\htdocs\warungin\vendor\codeigniter4\framework\system\CodeIgniter.php(928): App\Controllers\Warungin->index()
#6 C:\xampp\htdocs\warungin\vendor\codeigniter4\framework\system\CodeIgniter.php(436): CodeIgniter\CodeIgniter->runController(Object(App\Controllers\Warungin))
#7 C:\xampp\htdocs\warungin\vendor\codeigniter4\framework\system\CodeIgniter.php(336): CodeIgniter\CodeIgniter->handleRequest(NULL, Object(Config\Cache), false)
#8 C:\xampp\htdocs\warungin\public\index.php(37): CodeIgniter\CodeIgniter->run()
#9 C:\xampp\htdocs\warungin\vendor\codeigniter4\framework\system\Commands\Server\rewrite.php(45): require_once('C:\\xampp\\htdocs...')
#10 {main}
