CRITICAL - 2021-08-27 09:38:50 --> session_start(): Ignoring session_start() because a session is already active
#0 [internal function]: CodeIgniter\Debug\Exceptions->errorHandler(8, 'session_start()...', 'C:\\xampp\\htdocs...', 4)
#1 C:\xampp\htdocs\warungin\app\Views\Warungin\daftar_belanja.php(4): session_start()
#2 C:\xampp\htdocs\warungin\vendor\codeigniter4\framework\system\View\View.php(230): include('C:\\xampp\\htdocs...')
#3 C:\xampp\htdocs\warungin\vendor\codeigniter4\framework\system\View\View.php(232): CodeIgniter\View\View->CodeIgniter\View\{closure}()
#4 C:\xampp\htdocs\warungin\vendor\codeigniter4\framework\system\Common.php(1271): CodeIgniter\View\View->render('Warungin/daftar...', Array, true)
#5 C:\xampp\htdocs\warungin\app\Controllers\Warungin.php(41): view('Warungin/daftar...')
#6 C:\xampp\htdocs\warungin\vendor\codeigniter4\framework\system\CodeIgniter.php(928): App\Controllers\Warungin->warungku()
#7 C:\xampp\htdocs\warungin\vendor\codeigniter4\framework\system\CodeIgniter.php(436): CodeIgniter\CodeIgniter->runController(Object(App\Controllers\Warungin))
#8 C:\xampp\htdocs\warungin\vendor\codeigniter4\framework\system\CodeIgniter.php(336): CodeIgniter\CodeIgniter->handleRequest(NULL, Object(Config\Cache), false)
#9 C:\xampp\htdocs\warungin\public\index.php(37): CodeIgniter\CodeIgniter->run()
#10 C:\xampp\htdocs\warungin\vendor\codeigniter4\framework\system\Commands\Server\rewrite.php(45): require_once('C:\\xampp\\htdocs...')
#11 {main}
CRITICAL - 2021-08-27 09:39:34 --> mysqli_connect(): (HY000/1045): Access denied for user 'root'@'localhost' (using password: NO)
#0 [internal function]: CodeIgniter\Debug\Exceptions->errorHandler(2, 'mysqli_connect(...', 'C:\\xampp\\htdocs...', 8)
#1 C:\xampp\htdocs\warungin\app\Views\Warungin\daftar_belanja.php(8): mysqli_connect('localhost', 'root', '', 'warungin')
#2 C:\xampp\htdocs\warungin\vendor\codeigniter4\framework\system\View\View.php(230): include('C:\\xampp\\htdocs...')
#3 C:\xampp\htdocs\warungin\vendor\codeigniter4\framework\system\View\View.php(232): CodeIgniter\View\View->CodeIgniter\View\{closure}()
#4 C:\xampp\htdocs\warungin\vendor\codeigniter4\framework\system\Common.php(1271): CodeIgniter\View\View->render('Warungin/daftar...', Array, true)
#5 C:\xampp\htdocs\warungin\app\Controllers\Warungin.php(41): view('Warungin/daftar...')
#6 C:\xampp\htdocs\warungin\vendor\codeigniter4\framework\system\CodeIgniter.php(928): App\Controllers\Warungin->warungku()
#7 C:\xampp\htdocs\warungin\vendor\codeigniter4\framework\system\CodeIgniter.php(436): CodeIgniter\CodeIgniter->runController(Object(App\Controllers\Warungin))
#8 C:\xampp\htdocs\warungin\vendor\codeigniter4\framework\system\CodeIgniter.php(336): CodeIgniter\CodeIgniter->handleRequest(NULL, Object(Config\Cache), false)
#9 C:\xampp\htdocs\warungin\public\index.php(37): CodeIgniter\CodeIgniter->run()
#10 C:\xampp\htdocs\warungin\vendor\codeigniter4\framework\system\Commands\Server\rewrite.php(45): require_once('C:\\xampp\\htdocs...')
#11 {main}
